<?xml version="1.0" encoding="UTF-8"?>
<!-- Generated by org.testng.reporters.JUnitReportReporter -->
<testsuite hostname="sravs" failures="0" tests="1" name="practice.BaseConfig" time="15.050" errors="0" timestamp="2023-12-26T16:28:25 IST" skipped="0">
  <testcase classname="practice.BaseConfig" name="ConfigAppium" time="15.050"/>
</testsuite> <!-- practice.BaseConfig -->
